# JRE version: Java(TM) SE Runtime Environment (17.0.8+9) (build 17.0.8+9-LTS-211)
# Java VM: Java HotSpot(TM) 64-Bit Server VM (17.0.8+9-LTS-211, mixed mode, emulated-client, sharing, tiered, compressed oops, compressed class ptrs, g1 gc, bsd-aarch64)
GC Precious Log:
 CPUs: 8 total, 8 available
 Memory: 16384M
 Large Page Support: Disabled
 NUMA Support: Disabled
 Compressed Oops: Enabled (Zero based)
 Heap Region Size: 2M
 Heap Min Capacity: 8M
 Heap Initial Capacity: 256M
 Heap Max Capacity: 4G
 Pre-touch: Disabled
 Parallel Workers: 8
 Concurrent Workers: 2
 Concurrent Refinement Workers: 8
 Periodic GC: Disabled
Heap:
 garbage-first heap   total 110592K, used 68163K [0x0000000700000000, 0x0000000800000000)
  region size 2048K, 16 young (32768K), 2 survivors (4096K)
 Metaspace       used 84298K, committed 85824K, reserved 1179648K
  class space    used 11754K, committed 12736K, reserved 1048576K
GC Heap History (20 events):
Event: 3758.714 GC heap after
{Heap after GC invocations=95 (full 21):
 garbage-first heap   total 110592K, used 40199K [0x0000000700000000, 0x0000000800000000)
  region size 2048K, 2 young (4096K), 2 survivors (4096K)
 Metaspace       used 83147K, committed 85760K, reserved 1179648K
  class space    used 11614K, committed 12736K, reserved 1048576K
}
Event: 3765.394 GC heap before
{Heap before GC invocations=95 (full 21):
 garbage-first heap   total 110592K, used 58631K [0x0000000700000000, 0x0000000800000000)
  region size 2048K, 12 young (24576K), 2 survivors (4096K)
 Metaspace       used 83228K, committed 85760K, reserved 1179648K
  class space    used 11626K, committed 12736K, reserved 1048576K
}
Event: 3765.438 GC heap after
{Heap after GC invocations=96 (full 22):
 garbage-first heap   total 110592K, used 34934K [0x0000000700000000, 0x0000000800000000)
  region size 2048K, 0 young (0K), 0 survivors (0K)
 Metaspace       used 83225K, committed 85760K, reserved 1179648K
  class space    used 11625K, committed 12736K, reserved 1048576K
}
Event: 3765.602 GC heap before
{Heap before GC invocations=96 (full 22):
 garbage-first heap   total 110592K, used 79990K [0x0000000700000000, 0x0000000800000000)
  region size 2048K, 23 young (47104K), 0 survivors (0K)
 Metaspace       used 83283K, committed 85760K, reserved 1179648K
  class space    used 11634K, committed 12736K, reserved 1048576K
}
Event: 3765.603 GC heap after
{Heap after GC invocations=97 (full 22):
 garbage-first heap   total 110592K, used 38237K [0x0000000700000000, 0x0000000800000000)
  region size 2048K, 2 young (4096K), 2 survivors (4096K)
 Metaspace       used 83283K, committed 85760K, reserved 1179648K
  class space    used 11634K, committed 12736K, reserved 1048576K
}
Event: 3766.105 GC heap before
{Heap before GC invocations=97 (full 22):
 garbage-first heap   total 110592K, used 83293K [0x0000000700000000, 0x0000000800000000)
  region size 2048K, 24 young (49152K), 2 survivors (4096K)
 Metaspace       used 83461K, committed 85760K, reserved 1179648K
  class space    used 11647K, committed 12736K, reserved 1048576K
}
Event: 3766.107 GC heap after
{Heap after GC invocations=98 (full 22):
 garbage-first heap   total 110592K, used 40344K [0x0000000700000000, 0x0000000800000000)
  region size 2048K, 3 young (6144K), 3 survivors (6144K)
 Metaspace       used 83461K, committed 85760K, reserved 1179648K
  class space    used 11647K, committed 12736K, reserved 1048576K
}
Event: 3768.719 GC heap before
{Heap before GC invocations=98 (full 22):
 garbage-first heap   total 110592K, used 60824K [0x0000000700000000, 0x0000000800000000)
  region size 2048K, 14 young (28672K), 3 survivors (6144K)
 Metaspace       used 83541K, committed 85760K, reserved 1179648K
  class space    used 11659K, committed 12736K, reserved 1048576K
}
Event: 3768.762 GC heap after
{Heap after GC invocations=99 (full 23):
 garbage-first heap   total 110592K, used 35177K [0x0000000700000000, 0x0000000800000000)
  region size 2048K, 0 young (0K), 0 survivors (0K)
 Metaspace       used 83539K, committed 85760K, reserved 1179648K
  class space    used 11658K, committed 12736K, reserved 1048576K
}
Event: 3768.919 GC heap before
{Heap before GC invocations=99 (full 23):
 garbage-first heap   total 110592K, used 82281K [0x0000000700000000, 0x0000000800000000)
  region size 2048K, 23 young (47104K), 0 survivors (0K)
 Metaspace       used 83613K, committed 85760K, reserved 1179648K
  class space    used 11669K, committed 12736K, reserved 1048576K
}
Event: 3768.920 GC heap after
{Heap after GC invocations=100 (full 23):
 garbage-first heap   total 110592K, used 38726K [0x0000000700000000, 0x0000000800000000)
  region size 2048K, 2 young (4096K), 2 survivors (4096K)
 Metaspace       used 83613K, committed 85760K, reserved 1179648K
  class space    used 11669K, committed 12736K, reserved 1048576K
}
Event: 3769.384 GC heap before
{Heap before GC invocations=100 (full 23):
 garbage-first heap   total 110592K, used 83782K [0x0000000700000000, 0x0000000800000000)
  region size 2048K, 24 young (49152K), 2 survivors (4096K)
 Metaspace       used 83791K, committed 85760K, reserved 1179648K
  class space    used 11683K, committed 12736K, reserved 1048576K
}
Event: 3769.386 GC heap after
{Heap after GC invocations=101 (full 23):
 garbage-first heap   total 110592K, used 40556K [0x0000000700000000, 0x0000000800000000)
  region size 2048K, 3 young (6144K), 3 survivors (6144K)
 Metaspace       used 83791K, committed 85760K, reserved 1179648K
  class space    used 11683K, committed 12736K, reserved 1048576K
}
Event: 3808.454 GC heap before
{Heap before GC invocations=101 (full 23):
 garbage-first heap   total 110592K, used 63084K [0x0000000700000000, 0x0000000800000000)
  region size 2048K, 15 young (30720K), 3 survivors (6144K)
 Metaspace       used 83930K, committed 85760K, reserved 1179648K
  class space    used 11708K, committed 12736K, reserved 1048576K
}
Event: 3808.499 GC heap after
{Heap after GC invocations=102 (full 24):
 garbage-first heap   total 110592K, used 34356K [0x0000000700000000, 0x0000000800000000)
  region size 2048K, 0 young (0K), 0 survivors (0K)
 Metaspace       used 83927K, committed 85760K, reserved 1179648K
  class space    used 11707K, committed 12736K, reserved 1048576K
}
Event: 3808.679 GC heap before
{Heap before GC invocations=102 (full 24):
 garbage-first heap   total 110592K, used 83508K [0x0000000700000000, 0x0000000800000000)
  region size 2048K, 24 young (49152K), 0 survivors (0K)
 Metaspace       used 83981K, committed 85760K, reserved 1179648K
  class space    used 11715K, committed 12736K, reserved 1048576K
}
Event: 3808.680 GC heap after
{Heap after GC invocations=103 (full 24):
 garbage-first heap   total 110592K, used 38025K [0x0000000700000000, 0x0000000800000000)
  region size 2048K, 2 young (4096K), 2 survivors (4096K)
 Metaspace       used 83981K, committed 85760K, reserved 1179648K
  class space    used 11715K, committed 12736K, reserved 1048576K
}
Event: 3809.216 GC heap before
{Heap before GC invocations=103 (full 24):
 garbage-first heap   total 110592K, used 83081K [0x0000000700000000, 0x0000000800000000)
  region size 2048K, 24 young (49152K), 2 survivors (4096K)
 Metaspace       used 84159K, committed 85760K, reserved 1179648K
  class space    used 11728K, committed 12736K, reserved 1048576K
}
Event: 3809.219 GC heap after
{Heap after GC invocations=104 (full 24):
 garbage-first heap   total 110592K, used 39897K [0x0000000700000000, 0x0000000800000000)
  region size 2048K, 2 young (4096K), 2 survivors (4096K)
 Metaspace       used 84159K, committed 85760K, reserved 1179648K
  class space    used 11728K, committed 12736K, reserved 1048576K
}
Event: 3854.424 GC heap before
{Heap before GC invocations=104 (full 24):
 garbage-first heap   total 110592K, used 66521K [0x0000000700000000, 0x0000000800000000)
  region size 2048K, 16 young (32768K), 2 survivors (4096K)
 Metaspace       used 84298K, committed 85824K, reserved 1179648K
  class space    used 11754K, committed 12736K, reserved 1048576K
}

